2025-12-12 11:46:55,851 [INFO] - 本次运行日志将输出到: /home/minorli/comparator/logs/run_20251212_114655.log
2025-12-12 11:46:55,851 [INFO] - OceanBase Comparator Toolkit v0.8.8
2025-12-12 11:46:55,851 [INFO] - 本次启用的主对象类型: FUNCTION, JOB, MATERIALIZED VIEW, PACKAGE, PACKAGE BODY, PROCEDURE, SCHEDULE, SYNONYM, TABLE, TYPE, TYPE BODY, VIEW
2025-12-12 11:46:55,851 [INFO] - 本次启用的扩展校验: CONSTRAINT, INDEX, SEQUENCE, TRIGGER
2025-12-12 11:46:55,852 [INFO] - 准备使用 Oracle Instant Client 目录: /home/minorli/orabase/instantclient_19_29
2025-12-12 11:46:55,852 [INFO] - 如遇 libnnz19.so 等库缺失，请先执行:
2025-12-12 11:46:55,852 [INFO] -   export LD_LIBRARY_PATH="/home/minorli/orabase/instantclient_19_29:${LD_LIBRARY_PATH}"
2025-12-12 11:46:55,852 [INFO] - 当前 LD_LIBRARY_PATH: /home/minorli/orabase/instantclient_19_29:
2025-12-12 11:46:55,962 [INFO] - 正在加载 Remap 规则文件: remap_rules.txt
2025-12-12 11:46:55,962 [INFO] - 加载了 6 条 Remap 规则。
2025-12-12 11:46:55,963 [INFO] - 正在连接 Oracle 源端: 172.16.0.199:1521/ora19pdb1...
2025-12-12 11:46:56,058 [INFO] - Oracle 连接成功。正在查询源对象列表...
2025-12-12 11:46:56,144 [INFO] - 从 Oracle 成功获取 48 个受管对象 (包含主对象与扩展对象)。
2025-12-12 11:46:56,145 [INFO] - 正在验证 Remap 规则...
2025-12-12 11:46:56,146 [INFO] - Remap 规则验证通过，所有规则中的源对象均存在。
2025-12-12 11:46:56,348 [INFO] - 已获取 33 个依附对象的父表映射（触发器/同义词/索引/约束）。
2025-12-12 11:46:56,676 [INFO] - Oracle 依赖信息加载完成，共 44 条记录。
2025-12-12 11:46:56,677 [INFO] - 正在预计算依赖图的递归 TABLE/MVIEW 引用缓存以加速 remap 推导...
2025-12-12 11:46:56,678 [INFO] - 递归依赖表缓存完成，共 39 个节点。
2025-12-12 11:46:56,726 [INFO] - 已缓存 1 个同义词元数据（OWNER IN ORA_APP,ORA_FIN,ORA_BI,ORA_UTIL，跳过 PUBLIC 系统同义词 0 个）。
2025-12-12 11:46:56,727 [WARNING] - 检测到 PACKAGE/PACKAGE BODY 推导目标不一致 (ORA_APP.PKG_ORDER_API vs OB_SALES.PKG_ORDER_API)，已强制统一为 OB_SALES.PKG_ORDER_API。
2025-12-12 11:46:56,727 [WARNING] - 检测到 PACKAGE/PACKAGE BODY 推导目标不一致 (ORA_BI.PKG_BI_API vs OB_FIN.PKG_BI_API)，已强制统一为 OB_FIN.PKG_BI_API。
2025-12-12 11:46:56,727 [WARNING] - 检测到 TYPE/TYPE BODY 推导目标不一致 (ORA_UTIL.T_ORDER_REC vs OB_SALES.T_ORDER_REC)，已强制统一为 OB_SALES.T_ORDER_REC。
2025-12-12 11:46:56,728 [INFO] - 正在生成主校验清单 (应用 Remap 规则)...
2025-12-12 11:46:56,728 [INFO] - 主校验清单生成完毕，共 31 个待校验项。
2025-12-12 11:46:56,728 [INFO] - Schema映射推导完成，共 3 个源schema:
2025-12-12 11:46:56,728 [INFO] -   ORA_APP -> ORA_APP (1:1或一对多场景)
2025-12-12 11:46:56,728 [INFO] -   ORA_FIN -> OB_FIN
2025-12-12 11:46:56,728 [INFO] -   ORA_UTIL -> ORA_UTIL (1:1或一对多场景)
2025-12-12 11:46:56,728 [INFO] - ================================================================================
2025-12-12 11:46:56,728 [INFO] - 检测到一对多 schema 映射场景（源schema的表分散到多个目标schema）：
2025-12-12 11:46:56,728 [INFO] -   ORA_APP -> ['OB_LOG', 'OB_SALES', 'ORA_APP']
2025-12-12 11:46:56,728 [INFO] - 
2025-12-12 11:46:56,728 [INFO] - 推导策略：
2025-12-12 11:46:56,728 [INFO] -   1. 独立对象（VIEW/PROCEDURE/FUNCTION/PACKAGE等）：
2025-12-12 11:46:56,728 [INFO] -      - 优先通过依赖分析推导（分析对象引用的表，选择出现最多的目标schema）
2025-12-12 11:46:56,728 [INFO] -      - 如果依赖推导失败，需要在 remap_rules.txt 中显式指定
2025-12-12 11:46:56,728 [INFO] -   2. 依附对象（TRIGGER/INDEX/CONSTRAINT/SEQUENCE）：
2025-12-12 11:46:56,729 [INFO] -      - 自动跟随父表的 schema，无需显式指定
2025-12-12 11:46:56,729 [INFO] - ================================================================================
2025-12-12 11:46:56,729 [WARNING] - 检测到 PACKAGE/PACKAGE BODY 推导目标不一致 (ORA_APP.PKG_ORDER_API vs OB_SALES.PKG_ORDER_API)，已强制统一为 OB_SALES.PKG_ORDER_API。
2025-12-12 11:46:56,729 [WARNING] - 检测到 PACKAGE/PACKAGE BODY 推导目标不一致 (ORA_BI.PKG_BI_API vs OB_FIN.PKG_BI_API)，已强制统一为 OB_FIN.PKG_BI_API。
2025-12-12 11:46:56,730 [WARNING] - 检测到 TYPE/TYPE BODY 推导目标不一致 (ORA_UTIL.T_ORDER_REC vs OB_SALES.T_ORDER_REC)，已强制统一为 OB_SALES.T_ORDER_REC。
2025-12-12 11:46:56,730 [INFO] - 正在生成主校验清单 (应用 Remap 规则)...
2025-12-12 11:46:56,730 [INFO] - 主校验清单生成完毕，共 31 个待校验项。
2025-12-12 11:46:56,730 [INFO] - 本次报告将输出到: main_reports/report_20251212_114655.txt
2025-12-12 11:46:56,731 [INFO] - 全量对象映射已输出: main_reports/object_mapping_20251212_114655.txt
2025-12-12 11:46:59,362 [INFO] - OceanBase 元数据转储完成 (根据开关加载 DBA_OBJECTS/列/索引/约束/触发器/序列/注释)。
2025-12-12 11:47:00,521 [INFO] - OceanBase 依赖信息加载完成，共 25 条记录。
2025-12-12 11:47:00,522 [INFO] - 正在批量加载 Oracle 元数据 (DBA_TAB_COLUMNS/DBA_INDEXES/DBA_CONSTRAINTS/DBA_TRIGGERS/DBA_SEQUENCES)...
2025-12-12 11:47:01,912 [INFO] - Oracle 元数据加载完成：列=8, 索引表=8, 约束表=8, 触发器表=4, 序列schema=2, 注释表=8
2025-12-12 11:47:01,913 [WARNING] - 检查汇总: 基于 remap 后的期望集合，以下类型存在缺失或多余对象: TABLE, VIEW, SYNONYM, PROCEDURE, FUNCTION, PACKAGE, PACKAGE BODY, TYPE, TYPE BODY, INDEX, CONSTRAINT
2025-12-12 11:47:01,914 [INFO] - --- 开始执行主对象批量验证 (TABLE/VIEW/PROC/FUNC/PACKAGE/PACKAGE BODY/SYNONYM) ---
2025-12-12 11:47:01,916 [INFO] - --- 开始执行扩展对象校验 (索引/约束/序列/触发器) ---
2025-12-12 11:47:01,918 [INFO] - 依赖链路已输出: main_reports/dependency_chains_20251212_114655.txt
2025-12-12 11:47:01,918 [INFO] - 已开启修补脚本生成，开始写入 fixup_scripts 目录...
2025-12-12 11:47:01,921 [INFO] - [FIXUP] 目标端订正 SQL 将生成到目录: /home/minorli/comparator/fixup_scripts
2025-12-12 11:47:01,921 [INFO] - [FIXUP] 待生成缺失对象/脚本总计 17 个: TABLE=1, 其他=14 (FUNCTION=1, PACKAGE=2, PACKAGE BODY=2, PROCEDURE=3, SYNONYM=1, TYPE=1, TYPE BODY=1, VIEW=3), INDEX=1, CONSTRAINT=1, SEQUENCE=0, TRIGGER=0
2025-12-12 11:47:01,921 [INFO] - [FIXUP] 进度日志间隔 10 秒，可通过 progress_log_interval 配置。
2025-12-12 11:47:01,922 [INFO] - [dbcat] 从扁平缓存加载 1 个对象 DDL。
2025-12-12 11:47:01,926 [INFO] - [dbcat] 缓存总计加载 1 个对象 DDL，剩余待导出 14。
2025-12-12 11:47:01,926 [INFO] - [dbcat] 启用并行导出 (workers=4)，共 2 个 schema 待导出。
2025-12-12 11:47:01,927 [INFO] - [dbcat] 导出 schema=ORA_UTIL option=--table 对象数=1...
2025-12-12 11:47:01,928 [INFO] - [dbcat] 导出 schema=ORA_BI option=--view 对象数=1...
2025-12-12 11:47:10,222 [INFO] - [dbcat] 导出 schema=ORA_UTIL option=--table 完成，用时 8.29s。
2025-12-12 11:47:10,222 [INFO] - [dbcat] 导出 schema=ORA_UTIL option=--view 对象数=1...
2025-12-12 11:47:11,952 [INFO] - [dbcat] 导出 schema=ORA_BI option=--view 完成，用时 10.02s。
2025-12-12 11:47:11,953 [INFO] - [dbcat] 导出 schema=ORA_BI option=--function 对象数=1...
2025-12-12 11:47:18,174 [INFO] - [dbcat] 导出 schema=ORA_BI option=--function 完成，用时 6.22s。
2025-12-12 11:47:18,174 [INFO] - [dbcat] 导出 schema=ORA_BI option=--package 对象数=1...
2025-12-12 11:47:21,378 [INFO] - [dbcat] 导出 schema=ORA_UTIL option=--view 完成，用时 11.16s。
2025-12-12 11:47:21,378 [INFO] - [dbcat] 导出 schema=ORA_UTIL option=--synonym 对象数=1...
2025-12-12 11:47:23,946 [INFO] - [dbcat] 导出 schema=ORA_BI option=--package 完成，用时 5.77s。
2025-12-12 11:47:23,946 [INFO] - [dbcat] 导出 schema=ORA_BI option=--package-body 对象数=1...
2025-12-12 11:47:28,121 [INFO] - [dbcat] 导出 schema=ORA_UTIL option=--synonym 完成，用时 6.74s。
2025-12-12 11:47:28,121 [INFO] - [dbcat] 导出 schema=ORA_UTIL option=--procedure 对象数=3...
2025-12-12 11:47:29,585 [INFO] - [dbcat] 导出 schema=ORA_BI option=--package-body 完成，用时 5.64s。
2025-12-12 11:47:29,589 [INFO] - [dbcat] 已将 4 个对象 DDL 整理到扁平缓存 dbcat_output/cache/ORA_BI/
2025-12-12 11:47:29,591 [INFO] - [dbcat] 已清理临时目录 dbcat_output/ORA_BI_20251212_114701_d3d596
2025-12-12 11:47:33,077 [INFO] - [dbcat] 导出 schema=ORA_UTIL option=--procedure 完成，用时 4.96s。
2025-12-12 11:47:33,078 [INFO] - [dbcat] 导出 schema=ORA_UTIL option=--type 对象数=1...
2025-12-12 11:47:37,168 [INFO] - [dbcat] 导出 schema=ORA_UTIL option=--type 完成，用时 4.09s。
2025-12-12 11:47:37,168 [INFO] - [dbcat] 导出 schema=ORA_UTIL option=--type-body 对象数=1...
2025-12-12 11:47:41,058 [INFO] - [dbcat] 导出 schema=ORA_UTIL option=--type-body 完成，用时 3.89s。
2025-12-12 11:47:41,058 [INFO] - [dbcat] 导出 schema=ORA_UTIL option=--package 对象数=1...
2025-12-12 11:47:45,119 [INFO] - [dbcat] 导出 schema=ORA_UTIL option=--package 完成，用时 4.06s。
2025-12-12 11:47:45,119 [INFO] - [dbcat] 导出 schema=ORA_UTIL option=--package-body 对象数=1...
2025-12-12 11:47:49,166 [INFO] - [dbcat] 导出 schema=ORA_UTIL option=--package-body 完成，用时 4.05s。
2025-12-12 11:47:49,171 [INFO] - [dbcat] 已将 10 个对象 DDL 整理到扁平缓存 dbcat_output/cache/ORA_UTIL/
2025-12-12 11:47:49,173 [INFO] - [dbcat] 已清理临时目录 dbcat_output/ORA_UTIL_20251212_114701_31b90b
2025-12-12 11:47:49,173 [INFO] - [FIXUP] 启用并发生成 (worker=8)，可通过 fixup_workers 配置调整。
2025-12-12 11:47:49,173 [INFO] - [FIXUP] (1/9) 正在生成 SEQUENCE 脚本...
2025-12-12 11:47:49,173 [INFO] - [FIXUP] (2/9) 正在生成缺失的 TABLE CREATE 脚本...
2025-12-12 11:47:49,174 [INFO] - [FIXUP] (2/9) TABLE 总计 1 个。
2025-12-12 11:47:49,174 [INFO] - [DDL_FETCH] ORA_UTIL.CONFIG (TABLE) 来源=DBCAT_RUN 耗时=8.294s
2025-12-12 11:47:49,176 [INFO] - [FIXUP][DBCAT_RUN] 写入 TABLE 脚本: ORA_UTIL.CONFIG.sql
2025-12-12 11:47:49,176 [INFO] - [FIXUP] 生成目标端订正 SQL: fixup_scripts/table/ORA_UTIL.CONFIG.sql
2025-12-12 11:47:49,176 [INFO] - [FIXUP] (2/9) TABLE 进度 1/1 [dbcat_run=1]
2025-12-12 11:47:49,176 [INFO] - [FIXUP] (3/9) 正在生成 TABLE ALTER 脚本...
2025-12-12 11:47:49,177 [INFO] - [FIXUP] 生成目标端订正 SQL: fixup_scripts/table_alter/ORA_APP.CUSTOMER.alter_columns.sql
2025-12-12 11:47:49,177 [INFO] - [FIXUP] 生成目标端订正 SQL: fixup_scripts/table_alter/ORA_APP.PRODUCT.alter_columns.sql
2025-12-12 11:47:49,177 [INFO] - [FIXUP] 生成目标端订正 SQL: fixup_scripts/table_alter/OB_SALES.ORDER_HDR.alter_columns.sql
2025-12-12 11:47:49,178 [INFO] - [FIXUP] 生成目标端订正 SQL: fixup_scripts/table_alter/OB_LOG.SHIPMENT.alter_columns.sql
2025-12-12 11:47:49,178 [INFO] - [FIXUP] 生成目标端订正 SQL: fixup_scripts/table_alter/OB_FIN.PAYMENT.alter_columns.sql
2025-12-12 11:47:49,178 [INFO] - [FIXUP] 生成目标端订正 SQL: fixup_scripts/table_alter/OB_FIN.REFUND.alter_columns.sql
2025-12-12 11:47:49,197 [INFO] - [VIEW] 检测到OceanBase版本: 4.2.5.7
2025-12-12 11:47:49,197 [INFO] - [VIEW] 正在批量获取 3 个VIEW的DDL (使用DBMS_METADATA)...
2025-12-12 11:47:49,571 [INFO] - [VIEW] 成功获取 3/3 个VIEW的DDL
2025-12-12 11:47:49,571 [INFO] - [FIXUP] (4/9) 正在生成 VIEW / MATERIALIZED VIEW / 其他对象脚本...
2025-12-12 11:47:49,571 [INFO] - [FIXUP] (4a/9) 正在生成 3 个VIEW脚本...
2025-12-12 11:47:49,579 [INFO] - [FIXUP][DBMS_METADATA] 写入 VIEW 脚本: OB_ANALYTICS.VW_ORDER_SUMMARY.sql
2025-12-12 11:47:49,580 [INFO] - [FIXUP] 生成目标端订正 SQL: fixup_scripts/view/OB_ANALYTICS.VW_ORDER_SUMMARY.sql
2025-12-12 11:47:49,583 [INFO] - [FIXUP][DBMS_METADATA] 写入 VIEW 脚本: OB_FIN.MV_REVENUE_DAILY.sql
2025-12-12 11:47:49,584 [INFO] - [FIXUP] 生成目标端订正 SQL: fixup_scripts/view/OB_FIN.MV_REVENUE_DAILY.sql
2025-12-12 11:47:49,587 [INFO] - [FIXUP][DBMS_METADATA] 写入 VIEW 脚本: ORA_UTIL.VW_CONFIG.sql
2025-12-12 11:47:49,588 [INFO] - [FIXUP] 生成目标端订正 SQL: fixup_scripts/view/ORA_UTIL.VW_CONFIG.sql
2025-12-12 11:47:49,588 [INFO] - [FIXUP] (4b/9) 其他对象 总计 11 个。
2025-12-12 11:47:49,589 [INFO] - [DDL_FETCH] ORA_BI.FN_TOP_CUSTOMER (FUNCTION) 来源=DBCAT_RUN 耗时=6.221s
2025-12-12 11:47:49,595 [INFO] - [FIXUP][DBCAT_RUN] 写入 FUNCTION 脚本: OB_SALES.FN_TOP_CUSTOMER.sql
2025-12-12 11:47:49,595 [INFO] - [DDL_FETCH] ORA_BI.PKG_BI_API (PACKAGE) 来源=DBCAT_RUN 耗时=5.772s
2025-12-12 11:47:49,596 [INFO] - [DDL_FETCH] ORA_BI.PKG_BI_API (PACKAGE BODY) 来源=DBCAT_RUN 耗时=5.639s
2025-12-12 11:47:49,599 [INFO] - [FIXUP][DBCAT_RUN] 写入 PACKAGE 脚本: OB_FIN.PKG_BI_API.sql
2025-12-12 11:47:49,602 [INFO] - [FIXUP][DBCAT_RUN] 写入 PACKAGE BODY 脚本: OB_FIN.PKG_BI_API.sql
2025-12-12 11:47:49,603 [INFO] - [DDL_FETCH] ORA_UTIL.SYN_ORDER (SYNONYM) 来源=META_SYN 耗时=0.000s
2025-12-12 11:47:49,604 [INFO] - [FIXUP] 生成目标端订正 SQL: fixup_scripts/function/OB_SALES.FN_TOP_CUSTOMER.sql
2025-12-12 11:47:49,605 [INFO] - [FIXUP] 生成目标端订正 SQL: fixup_scripts/package/OB_FIN.PKG_BI_API.sql
2025-12-12 11:47:49,608 [INFO] - [FIXUP][META_SYN] 写入 SYNONYM 脚本: OB_SALES.SYN_ORDER.sql
2025-12-12 11:47:49,609 [INFO] - [DDL_FETCH] ORA_UTIL.SP_SYNC_ORDER (PROCEDURE) 来源=DBCAT_RUN 耗时=1.652s
2025-12-12 11:47:49,610 [INFO] - [DDL_FETCH] ORA_UTIL.P_ALPHA (PROCEDURE) 来源=DBCAT_RUN 耗时=1.652s
2025-12-12 11:47:49,611 [INFO] - [FIXUP] 生成目标端订正 SQL: fixup_scripts/package_body/OB_FIN.PKG_BI_API.sql
2025-12-12 11:47:49,611 [INFO] - [DDL_FETCH] ORA_UTIL.P_BETA (PROCEDURE) 来源=DBCAT_RUN 耗时=1.652s
2025-12-12 11:47:49,611 [INFO] - [DDL_FETCH] ORA_UTIL.T_ORDER_REC (TYPE) 来源=DBCAT_RUN 耗时=4.090s
2025-12-12 11:47:49,614 [INFO] - [FIXUP][DBCAT_RUN] 写入 PROCEDURE 脚本: ORA_UTIL.SP_SYNC_ORDER.sql
2025-12-12 11:47:49,614 [INFO] - [DDL_FETCH] ORA_UTIL.T_ORDER_REC (TYPE BODY) 来源=DBCAT_RUN 耗时=3.889s
2025-12-12 11:47:49,615 [INFO] - [DDL_FETCH] ORA_UTIL.PKG_UTIL (PACKAGE) 来源=DBCAT_RUN 耗时=4.061s
2025-12-12 11:47:49,616 [INFO] - [FIXUP][DBCAT_RUN] 写入 PROCEDURE 脚本: ORA_UTIL.P_ALPHA.sql
2025-12-12 11:47:49,617 [INFO] - [DDL_FETCH] ORA_UTIL.PKG_UTIL (PACKAGE BODY) 来源=DBCAT_RUN 耗时=4.047s
2025-12-12 11:47:49,618 [INFO] - [FIXUP] 生成目标端订正 SQL: fixup_scripts/synonym/OB_SALES.SYN_ORDER.sql
2025-12-12 11:47:49,620 [INFO] - [FIXUP][DBCAT_RUN] 写入 PROCEDURE 脚本: ORA_UTIL.P_BETA.sql
2025-12-12 11:47:49,623 [INFO] - [FIXUP][DBCAT_RUN] 写入 TYPE 脚本: OB_SALES.T_ORDER_REC.sql
2025-12-12 11:47:49,625 [INFO] - [FIXUP][DBCAT_RUN] 写入 TYPE BODY 脚本: OB_SALES.T_ORDER_REC.sql
2025-12-12 11:47:49,628 [INFO] - [FIXUP][DBCAT_RUN] 写入 PACKAGE 脚本: ORA_UTIL.PKG_UTIL.sql
2025-12-12 11:47:49,629 [INFO] - [FIXUP] 生成目标端订正 SQL: fixup_scripts/procedure/ORA_UTIL.SP_SYNC_ORDER.sql
2025-12-12 11:47:49,631 [INFO] - [FIXUP][DBCAT_RUN] 写入 PACKAGE BODY 脚本: ORA_UTIL.PKG_UTIL.sql
2025-12-12 11:47:49,632 [INFO] - [FIXUP] 生成目标端订正 SQL: fixup_scripts/procedure/ORA_UTIL.P_ALPHA.sql
2025-12-12 11:47:49,634 [INFO] - [FIXUP] 生成目标端订正 SQL: fixup_scripts/procedure/ORA_UTIL.P_BETA.sql
2025-12-12 11:47:49,634 [INFO] - [FIXUP] 生成目标端订正 SQL: fixup_scripts/type_body/OB_SALES.T_ORDER_REC.sql
2025-12-12 11:47:49,635 [INFO] - [FIXUP] 生成目标端订正 SQL: fixup_scripts/package/ORA_UTIL.PKG_UTIL.sql
2025-12-12 11:47:49,636 [INFO] - [FIXUP] 生成目标端订正 SQL: fixup_scripts/type/OB_SALES.T_ORDER_REC.sql
2025-12-12 11:47:49,637 [INFO] - [FIXUP] 生成目标端订正 SQL: fixup_scripts/package_body/ORA_UTIL.PKG_UTIL.sql
2025-12-12 11:47:49,638 [INFO] - [FIXUP] (4b/9) 其他对象 进度 11/11
2025-12-12 11:47:49,640 [INFO] - [FIXUP] (5/9) 正在生成 INDEX 脚本...
2025-12-12 11:47:49,640 [INFO] - [FIXUP] (5/9) INDEX 总计 1 个。
2025-12-12 11:47:49,641 [INFO] - [FIXUP][META] 使用元数据重建索引 ORA_UTIL.SYS_C007802。
2025-12-12 11:47:49,642 [INFO] - [FIXUP][META] 写入 INDEX 脚本: ORA_UTIL.SYS_C007802.sql
2025-12-12 11:47:49,643 [INFO] - [FIXUP] 生成目标端订正 SQL: fixup_scripts/index/ORA_UTIL.SYS_C007802.sql
2025-12-12 11:47:49,643 [INFO] - [FIXUP] (5/9) INDEX 进度 1/1
2025-12-12 11:47:49,644 [INFO] - [FIXUP] (6/9) 正在生成 CONSTRAINT 脚本...
2025-12-12 11:47:49,644 [INFO] - [FIXUP] (6/9) CONSTRAINT 总计 1 个。
2025-12-12 11:47:49,645 [INFO] - [FIXUP][META] 写入 CONSTRAINT 脚本: ORA_UTIL.SYS_C007802.sql
2025-12-12 11:47:49,646 [INFO] - [FIXUP] 生成目标端订正 SQL: fixup_scripts/constraint/ORA_UTIL.SYS_C007802.sql
2025-12-12 11:47:49,647 [INFO] - [FIXUP] (6/9) CONSTRAINT 进度 1/1
2025-12-12 11:47:49,647 [INFO] - [FIXUP] (7/9) 正在生成 TRIGGER 脚本...
2025-12-12 11:47:49,648 [INFO] - [FIXUP] (8/9) 正在生成依赖重编译脚本...
2025-12-12 11:47:49,648 [INFO] - [FIXUP] (8/9) 无需生成依赖重编译脚本。
2025-12-12 11:47:49,648 [INFO] - [FIXUP] (9/9) 正在生成依赖授权脚本...
2025-12-12 11:47:49,649 [INFO] - [FIXUP] 生成目标端订正 SQL: fixup_scripts/grants/OB_SALES.grants.sql
2025-12-12 11:47:49,650 [INFO] - [FIXUP] 生成目标端订正 SQL: fixup_scripts/grants/ORA_APP.grants.sql
2025-12-12 11:47:49,650 [INFO] - [FIXUP] DDL 来源统计: CONSTRAINT: fallback=1 | FUNCTION: dbcat=1 | INDEX: fallback=1 | PACKAGE: dbcat=2 | PACKAGE BODY: dbcat=2 | PROCEDURE: dbcat=3 | SYNONYM: missing=1 | TABLE: dbcat=1 | TYPE: dbcat=1 | TYPE BODY: dbcat=1
2025-12-12 11:47:49,652 [INFO] - 所有校验已完成。正在生成最终报告...
2025-12-12 11:47:49,736 [INFO] - 缺失 TABLE/VIEW 映射已输出到: main_reports/tables_views_miss
