2025-12-12 12:50:22,849 [INFO] - 本次运行日志将输出到: /home/minorli/comparator/logs/run_20251212_125022.log
2025-12-12 12:50:22,849 [INFO] - OceanBase Comparator Toolkit v0.8.8
2025-12-12 12:50:22,849 [INFO] - 本次启用的主对象类型: FUNCTION, JOB, MATERIALIZED VIEW, PACKAGE, PACKAGE BODY, PROCEDURE, SCHEDULE, SYNONYM, TABLE, TYPE, TYPE BODY, VIEW
2025-12-12 12:50:22,849 [INFO] - 本次启用的扩展校验: CONSTRAINT, INDEX, SEQUENCE, TRIGGER
2025-12-12 12:50:22,849 [INFO] - 准备使用 Oracle Instant Client 目录: /home/minorli/orabase/instantclient_19_29
2025-12-12 12:50:22,850 [INFO] - 如遇 libnnz19.so 等库缺失，请先执行:
2025-12-12 12:50:22,850 [INFO] -   export LD_LIBRARY_PATH="/home/minorli/orabase/instantclient_19_29:${LD_LIBRARY_PATH}"
2025-12-12 12:50:22,850 [INFO] - 当前 LD_LIBRARY_PATH: /home/minorli/orabase/instantclient_19_29:
2025-12-12 12:50:23,008 [INFO] - 正在加载 Remap 规则文件: remap_rules.txt
2025-12-12 12:50:23,010 [INFO] - 加载了 6 条 Remap 规则。
2025-12-12 12:50:23,010 [INFO] - 正在连接 Oracle 源端: 172.16.0.199:1521/ora19pdb1...
2025-12-12 12:50:23,086 [INFO] - Oracle 连接成功。正在查询源对象列表...
2025-12-12 12:50:23,176 [INFO] - 从 Oracle 成功获取 48 个受管对象 (包含主对象与扩展对象)。
2025-12-12 12:50:23,177 [INFO] - 正在验证 Remap 规则...
2025-12-12 12:50:23,178 [INFO] - Remap 规则验证通过，所有规则中的源对象均存在。
2025-12-12 12:50:23,310 [INFO] - 已获取 33 个依附对象的父表映射（触发器/同义词/索引/约束）。
2025-12-12 12:50:23,582 [INFO] - Oracle 依赖信息加载完成，共 44 条记录。
2025-12-12 12:50:23,584 [INFO] - 正在预计算依赖图的递归 TABLE/MVIEW 引用缓存以加速 remap 推导...
2025-12-12 12:50:23,585 [INFO] - 递归依赖表缓存完成，共 39 个节点。
2025-12-12 12:50:23,669 [INFO] - 已缓存 1 个同义词元数据（OWNER IN ORA_APP,ORA_FIN,ORA_BI,ORA_UTIL，跳过 PUBLIC 系统同义词 0 个）。
2025-12-12 12:50:23,671 [WARNING] - 检测到 PACKAGE/PACKAGE BODY 推导目标不一致 (ORA_APP.PKG_ORDER_API vs OB_SALES.PKG_ORDER_API)，已强制统一为 OB_SALES.PKG_ORDER_API。
2025-12-12 12:50:23,673 [WARNING] - 检测到 PACKAGE/PACKAGE BODY 推导目标不一致 (ORA_BI.PKG_BI_API vs OB_FIN.PKG_BI_API)，已强制统一为 OB_FIN.PKG_BI_API。
2025-12-12 12:50:23,674 [WARNING] - 检测到 TYPE/TYPE BODY 推导目标不一致 (ORA_UTIL.T_ORDER_REC vs OB_SALES.T_ORDER_REC)，已强制统一为 OB_SALES.T_ORDER_REC。
2025-12-12 12:50:23,675 [INFO] - 正在生成主校验清单 (应用 Remap 规则)...
2025-12-12 12:50:23,676 [INFO] - 主校验清单生成完毕，共 31 个待校验项。
2025-12-12 12:50:23,676 [INFO] - Schema映射推导完成，共 3 个源schema:
2025-12-12 12:50:23,677 [INFO] -   ORA_APP -> ORA_APP (1:1或一对多场景)
2025-12-12 12:50:23,677 [INFO] -   ORA_FIN -> OB_FIN
2025-12-12 12:50:23,677 [INFO] -   ORA_UTIL -> ORA_UTIL (1:1或一对多场景)
2025-12-12 12:50:23,678 [INFO] - ================================================================================
2025-12-12 12:50:23,678 [INFO] - 检测到一对多 schema 映射场景（源schema的表分散到多个目标schema）：
2025-12-12 12:50:23,678 [INFO] -   ORA_APP -> ['OB_LOG', 'OB_SALES', 'ORA_APP']
2025-12-12 12:50:23,679 [INFO] - 
2025-12-12 12:50:23,679 [INFO] - 推导策略：
2025-12-12 12:50:23,679 [INFO] -   1. 独立对象（VIEW/PROCEDURE/FUNCTION/PACKAGE等）：
2025-12-12 12:50:23,680 [INFO] -      - 优先通过依赖分析推导（分析对象引用的表，选择出现最多的目标schema）
2025-12-12 12:50:23,680 [INFO] -      - 如果依赖推导失败，需要在 remap_rules.txt 中显式指定
2025-12-12 12:50:23,681 [INFO] -   2. 依附对象（TRIGGER/INDEX/CONSTRAINT/SEQUENCE）：
2025-12-12 12:50:23,681 [INFO] -      - 自动跟随父表的 schema，无需显式指定
2025-12-12 12:50:23,681 [INFO] - ================================================================================
2025-12-12 12:50:23,684 [WARNING] - 检测到 PACKAGE/PACKAGE BODY 推导目标不一致 (ORA_APP.PKG_ORDER_API vs OB_SALES.PKG_ORDER_API)，已强制统一为 OB_SALES.PKG_ORDER_API。
2025-12-12 12:50:23,686 [WARNING] - 检测到 PACKAGE/PACKAGE BODY 推导目标不一致 (ORA_BI.PKG_BI_API vs OB_FIN.PKG_BI_API)，已强制统一为 OB_FIN.PKG_BI_API。
2025-12-12 12:50:23,687 [WARNING] - 检测到 TYPE/TYPE BODY 推导目标不一致 (ORA_UTIL.T_ORDER_REC vs OB_SALES.T_ORDER_REC)，已强制统一为 OB_SALES.T_ORDER_REC。
2025-12-12 12:50:23,688 [INFO] - 正在生成主校验清单 (应用 Remap 规则)...
2025-12-12 12:50:23,689 [INFO] - 主校验清单生成完毕，共 31 个待校验项。
2025-12-12 12:50:23,691 [INFO] - 本次报告将输出到: main_reports/report_20251212_125022.txt
2025-12-12 12:50:23,692 [INFO] - 全量对象映射已输出: main_reports/object_mapping_20251212_125022.txt
2025-12-12 12:50:25,283 [INFO] - OceanBase 元数据转储完成 (根据开关加载 DBA_OBJECTS/列/索引/约束/触发器/序列/注释)。
2025-12-12 12:50:25,567 [INFO] - OceanBase 依赖信息加载完成，共 45 条记录。
2025-12-12 12:50:25,568 [INFO] - 正在批量加载 Oracle 元数据 (DBA_TAB_COLUMNS/DBA_INDEXES/DBA_CONSTRAINTS/DBA_TRIGGERS/DBA_SEQUENCES)...
2025-12-12 12:50:25,806 [INFO] - Oracle 元数据加载完成：列=8, 索引表=8, 约束表=8, 触发器表=4, 序列schema=2, 注释表=8
2025-12-12 12:50:25,807 [WARNING] - 检查汇总: 基于 remap 后的期望集合，以下类型存在缺失或多余对象: CONSTRAINT
2025-12-12 12:50:25,808 [INFO] - --- 开始执行主对象批量验证 (TABLE/VIEW/PROC/FUNC/PACKAGE/PACKAGE BODY/SYNONYM) ---
2025-12-12 12:50:25,810 [INFO] - --- 开始执行扩展对象校验 (索引/约束/序列/触发器) ---
2025-12-12 12:50:26,101 [INFO] - [GRANT_FILTER] 已过滤 6 条已存在的授权建议。
2025-12-12 12:50:26,105 [INFO] - 依赖链路已输出: main_reports/dependency_chains_20251212_125022.txt
2025-12-12 12:50:26,105 [INFO] - 已开启修补脚本生成，开始写入 fixup_scripts 目录...
2025-12-12 12:50:26,108 [INFO] - [FIXUP] 目标端订正 SQL 将生成到目录: /home/minorli/comparator/fixup_scripts
2025-12-12 12:50:26,110 [INFO] - [FIXUP] 待生成缺失对象/脚本总计 0 个: TABLE=0, 其他=0 (无), INDEX=0, CONSTRAINT=0, SEQUENCE=0, TRIGGER=0
2025-12-12 12:50:26,111 [INFO] - [FIXUP] 进度日志间隔 10 秒，可通过 progress_log_interval 配置。
2025-12-12 12:50:26,112 [INFO] - [FIXUP] 启用并发生成 (worker=8)，可通过 fixup_workers 配置调整。
2025-12-12 12:50:26,113 [INFO] - [FIXUP] (1/9) 正在生成 SEQUENCE 脚本...
2025-12-12 12:50:26,113 [INFO] - [FIXUP] (2/9) 正在生成缺失的 TABLE CREATE 脚本...
2025-12-12 12:50:26,114 [INFO] - [FIXUP] (3/9) 正在生成 TABLE ALTER 脚本...
2025-12-12 12:50:26,158 [INFO] - [VIEW] 检测到OceanBase版本: 4.2.5.7
2025-12-12 12:50:26,158 [INFO] - [FIXUP] (4/9) 正在生成 VIEW / MATERIALIZED VIEW / 其他对象脚本...
2025-12-12 12:50:26,158 [INFO] - [FIXUP] (5/9) 正在生成 INDEX 脚本...
2025-12-12 12:50:26,159 [INFO] - [FIXUP] (6/9) 正在生成 CONSTRAINT 脚本...
2025-12-12 12:50:26,159 [INFO] - [FIXUP] (7/9) 正在生成 TRIGGER 脚本...
2025-12-12 12:50:26,159 [INFO] - [FIXUP] (8/9) 正在生成依赖重编译脚本...
2025-12-12 12:50:26,160 [INFO] - [FIXUP] 生成目标端订正 SQL: fixup_scripts/compile/ORA_UTIL.PKG_UTIL.compile.sql
2025-12-12 12:50:26,161 [INFO] - [FIXUP] (9/9) 无需生成依赖授权脚本。
2025-12-12 12:50:26,162 [INFO] - 所有校验已完成。正在生成最终报告...
